<?xml version="1.0" encoding="UTF-8"?>
<!-- Generated by org.testng.reporters.JUnitReportReporter -->
<testsuite hostname="LAPTOP-7G5AQUFD" failures="0" tests="1" name="day7.TestNgParameter" time="0.010" errors="0" timestamp="2024-06-19T15:52:01 IST" skipped="0">
  <testcase classname="day7.TestNgParameter" name="sum" time="0.010"/>
  <system-out/>
</testsuite> <!-- day7.TestNgParameter -->
