<?xml version="1.0" encoding="UTF-8"?>
<!-- Generated by org.testng.reporters.JUnitReportReporter -->
<testsuite hostname="LAPTOP-7G5AQUFD" failures="0" tests="1" name="day7.AssertionDemo" time="8.801" errors="0" timestamp="2024-06-19T16:03:03 IST" skipped="0">
  <testcase classname="day7.AssertionDemo" name="login" time="8.801"/>
  <system-out/>
</testsuite> <!-- day7.AssertionDemo -->
