<?xml version="1.0" encoding="UTF-8"?>
<!-- Generated by org.testng.reporters.JUnitReportReporter -->
<testsuite hostname="LAPTOP-7G5AQUFD" failures="0" tests="3" name="day6.TestNg1" time="0.000" errors="0" timestamp="2024-06-19T13:16:50 IST" skipped="0">
  <testcase classname="day6.TestNg1" name="test3" time="0.000"/>
  <system-out/>
  <testcase classname="day6.TestNg1" name="test2" time="0.000"/>
  <system-out/>
  <testcase classname="day6.TestNg1" name="test" time="0.000"/>
  <system-out/>
</testsuite> <!-- day6.TestNg1 -->
