<?xml version="1.0" encoding="UTF-8"?>
<!-- Generated by org.testng.reporters.JUnitReportReporter -->
<testsuite hostname="LAPTOP-7G5AQUFD" failures="0" tests="3" name="day8.FbLoginDP" time="5.453" errors="0" timestamp="2024-06-19T16:14:54 IST" skipped="0">
  <testcase classname="day8.FbLoginDP" name="login" time="1.725"/>
  <system-out/>
  <testcase classname="day8.FbLoginDP" name="login" time="1.609"/>
  <system-out/>
  <testcase classname="day8.FbLoginDP" name="login" time="2.119"/>
  <system-out/>
</testsuite> <!-- day8.FbLoginDP -->
