<?xml version="1.0" encoding="UTF-8"?>
<!-- Generated by org.testng.reporters.JUnitReportReporter -->
<testsuite hostname="LAPTOP-7G5AQUFD" failures="0" tests="2" name="day6.TestNg5" time="4.696" errors="0" timestamp="2024-06-19T13:16:50 IST" skipped="0">
  <testcase classname="day6.TestNg5" name="enterUrl" time="2.407"/>
  <system-out/>
  <testcase classname="day6.TestNg5" name="enterUrl2" time="2.289"/>
  <system-out/>
</testsuite> <!-- day6.TestNg5 -->
