<?xml version="1.0" encoding="UTF-8"?>
<!-- Generated by org.testng.reporters.JUnitReportReporter -->
<testsuite hostname="LAPTOP-7G5AQUFD" failures="0" tests="3" name="day8.TestNgDataProvider" time="0.011" errors="0" timestamp="2024-06-19T16:06:38 IST" skipped="0">
  <testcase classname="day8.TestNgDataProvider" name="login" time="0.010"/>
  <system-out/>
  <testcase classname="day8.TestNgDataProvider" name="login" time="0.000"/>
  <system-out/>
  <testcase classname="day8.TestNgDataProvider" name="login" time="0.001"/>
  <system-out/>
</testsuite> <!-- day8.TestNgDataProvider -->
