<?xml version="1.0" encoding="UTF-8"?>
<!-- Generated by org.testng.reporters.JUnitReportReporter -->
<testsuite hostname="LAPTOP-7G5AQUFD" failures="0" tests="3" name="day7.TestNgGroups" time="0.017" errors="0" timestamp="2024-06-19T13:52:28 IST" skipped="0">
  <testcase classname="day7.TestNgGroups" name="test1" time="0.001"/>
  <system-out/>
  <testcase classname="day7.TestNgGroups" name="test" time="0.015"/>
  <system-out/>
  <testcase classname="day7.TestNgGroups" name="test3" time="0.001"/>
  <system-out/>
</testsuite> <!-- day7.TestNgGroups -->
