<?xml version="1.0" encoding="UTF-8"?>
<!-- Generated by org.testng.reporters.JUnitReportReporter -->
<testsuite hostname="LAPTOP-7G5AQUFD" failures="0" tests="2" name="day6.TestNg6" time="0.001" errors="0" timestamp="2024-06-19T13:16:50 IST" skipped="0">
  <testcase classname="day6.TestNg6" name="enterUrl" time="0.001"/>
  <system-out/>
  <testcase classname="day6.TestNg6" name="enterUrl2" time="0.000"/>
  <system-out/>
</testsuite> <!-- day6.TestNg6 -->
