<?xml version="1.0" encoding="UTF-8"?>
<!-- Generated by org.testng.reporters.JUnitReportReporter -->
<testsuite hostname="LAPTOP-7G5AQUFD" failures="0" tests="2" name="day7.DependsonDemo" time="0.011" errors="0" timestamp="2024-06-19T13:55:59 IST" skipped="0">
  <testcase classname="day7.DependsonDemo" name="signUp" time="0.010"/>
  <system-out/>
  <testcase classname="day7.DependsonDemo" name="login" time="0.001"/>
  <system-out/>
</testsuite> <!-- day7.DependsonDemo -->
