<?xml version="1.0" encoding="UTF-8"?>
<!-- Generated by org.testng.reporters.JUnitReportReporter -->
<testsuite hostname="LAPTOP-7G5AQUFD" failures="0" tests="3" name="day6.OrangeHrmLogin" time="24.630" errors="0" timestamp="2024-06-19T13:23:48 IST" skipped="0">
  <testcase classname="day6.OrangeHrmLogin" name="enterUrl" time="7.480"/>
  <system-out/>
  <testcase classname="day6.OrangeHrmLogin" name="login" time="6.372"/>
  <system-out/>
  <testcase classname="day6.OrangeHrmLogin" name="logout" time="10.778"/>
  <system-out/>
</testsuite> <!-- day6.OrangeHrmLogin -->
